\BOOKMARK [0][]{chapter.1}{第1章 序論}{}% 1
\BOOKMARK [1][-]{section.1.1}{1.1 本研究の背景}{chapter.1}% 2
\BOOKMARK [1][-]{section.1.2}{1.2 本研究の目的}{chapter.1}% 3
\BOOKMARK [1][-]{section.1.3}{1.3 本研究の構成}{chapter.1}% 4
\BOOKMARK [1][-]{section.1.4}{1.4 本研究の貢献}{chapter.1}% 5
\BOOKMARK [0][]{chapter.2}{第2章 関連研究}{}% 6
\BOOKMARK [1][-]{section.2.1}{2.1 画像認識における深層学習}{chapter.2}% 7
\BOOKMARK [1][-]{section.2.2}{2.2 病理画像解析}{chapter.2}% 8
\BOOKMARK [1][-]{section.2.3}{2.3 能動学習}{chapter.2}% 9
\BOOKMARK [1][-]{section.2.4}{2.4 関連する先行研究と本研究の位置づけ}{chapter.2}% 10
\BOOKMARK [1][-]{section.2.5}{2.5 まとめ}{chapter.2}% 11
\BOOKMARK [0][]{chapter.3}{第3章 提案手法}{}% 12
\BOOKMARK [1][-]{section.3.1}{3.1 概要}{chapter.3}% 13
\BOOKMARK [1][-]{section.3.2}{3.2 Query by Dropout predictions}{chapter.3}% 14
\BOOKMARK [1][-]{section.3.3}{3.3 推論時でのData Augmentationの利用}{chapter.3}% 15
\BOOKMARK [1][-]{section.3.4}{3.4 提案手法の動作原理}{chapter.3}% 16
\BOOKMARK [1][-]{section.3.5}{3.5 バッチ型能動学習への拡張}{chapter.3}% 17
\BOOKMARK [1][-]{section.3.6}{3.6 アルゴリズムの詳細}{chapter.3}% 18
\BOOKMARK [0][]{chapter.4}{第4章 実験1 : MNISTを用いた予備実験}{}% 19
\BOOKMARK [1][-]{section.4.1}{4.1 概要}{chapter.4}% 20
\BOOKMARK [1][-]{section.4.2}{4.2 実験設定}{chapter.4}% 21
\BOOKMARK [1][-]{section.4.3}{4.3 実験結果}{chapter.4}% 22
\BOOKMARK [1][-]{section.4.4}{4.4 考察}{chapter.4}% 23
\BOOKMARK [0][]{chapter.5}{第5章 実験2 : 病理画像データセットを用いた実験}{}% 24
\BOOKMARK [1][-]{section.5.1}{5.1 概要}{chapter.5}% 25
\BOOKMARK [1][-]{section.5.2}{5.2 実験設定}{chapter.5}% 26
\BOOKMARK [1][-]{section.5.3}{5.3 実験結果}{chapter.5}% 27
\BOOKMARK [1][-]{section.5.4}{5.4 考察}{chapter.5}% 28
\BOOKMARK [0][]{chapter.6}{第6章 結論}{}% 29
\BOOKMARK [1][-]{section.6.1}{6.1 結論}{chapter.6}% 30
\BOOKMARK [1][-]{section.6.2}{6.2 今後の課題}{chapter.6}% 31
\BOOKMARK [0][]{chapter*.18}{参考文献}{}% 32
